
> website@0.1.0 dev
> next dev

▲ Next.js 16.2.9 (Turbopack)
- Local:         http://localhost:3000
- Network:       http://192.168.0.11:3000
- Environments: .env.local
✓ Ready in 755ms

 GET / 200 in 2.0s (next.js: 1143ms, application-code: 905ms)
 GET / 200 in 395ms (next.js: 65ms, application-code: 330ms)
 GET / 200 in 290ms (next.js: 48ms, application-code: 242ms)
 GET / 200 in 784ms (next.js: 306ms, application-code: 478ms)
 GET /images/hero-visual.webp 404 in 2.6s (next.js: 2.4s, application-code: 223ms)
 GET /images/logo-horizontal.webp 404 in 4.4s (next.js: 2.4s, application-code: 1961ms)
 GET /images/ai-os-diagram.webp 404 in 147ms (next.js: 21ms, application-code: 126ms)
 GET / 200 in 84ms (next.js: 22ms, application-code: 62ms)
 GET /images/creator-factory.webp 404 in 641ms (next.js: 58ms, application-code: 583ms)
 GET /images/writing-factory.webp 404 in 639ms (next.js: 144ms, application-code: 495ms)
 GET /images/video-factory.webp 404 in 702ms (next.js: 294ms, application-code: 407ms)
 GET /images/research-factory.webp 404 in 699ms (next.js: 63ms, application-code: 636ms)
 GET /images/marketing-factory.webp 404 in 718ms (next.js: 221ms, application-code: 497ms)
 GET /images/fortune-factory.webp 404 in 728ms (next.js: 361ms, application-code: 366ms)
 GET /images/roadmap-visual.webp 404 in 112ms (next.js: 6ms, application-code: 106ms)
 GET /images/logo-horizontal.webp 404 in 86ms (next.js: 7ms, application-code: 79ms)
 GET /images/logo-symbol.webp 404 in 64ms (next.js: 5ms, application-code: 59ms)
 GET / 200 in 30ms (next.js: 6ms, application-code: 24ms)
 GET / 200 in 17ms (next.js: 3ms, application-code: 14ms)
 GET /images/ai-os-diagram.webp 404 in 120ms (next.js: 37ms, application-code: 83ms)
 GET /os/agents 404 in 167ms (next.js: 39ms, application-code: 127ms)
 GET / 200 in 671ms (next.js: 46ms, application-code: 624ms)
 GET /images/hero-visual.webp 404 in 298ms (next.js: 94ms, application-code: 204ms)
 GET /images/logo-horizontal.webp 404 in 299ms (next.js: 137ms, application-code: 162ms)
 GET /images/logo-horizontal.webp 404 in 471ms (next.js: 26ms, application-code: 445ms)
 GET /images/hero-visual.webp 404 in 477ms (next.js: 357ms, application-code: 120ms)
 GET /images/ai-os-diagram.webp 404 in 174ms (next.js: 6ms, application-code: 168ms)
 GET /images/creator-factory.webp 404 in 626ms (next.js: 93ms, application-code: 533ms)
 GET /images/writing-factory.webp 404 in 619ms (next.js: 305ms, application-code: 315ms)
 GET /images/video-factory.webp 404 in 625ms (next.js: 398ms, application-code: 227ms)
 GET /images/research-factory.webp 404 in 522ms (next.js: 61ms, application-code: 462ms)
 GET /images/marketing-factory.webp 404 in 533ms (next.js: 136ms, application-code: 397ms)
 GET /images/fortune-factory.webp 404 in 544ms (next.js: 354ms, application-code: 190ms)
 GET /images/roadmap-visual.webp 404 in 61ms (next.js: 5ms, application-code: 56ms)
 GET / 200 in 357ms (next.js: 23ms, application-code: 334ms)
 GET /images/hero-visual.webp 404 in 206ms (next.js: 46ms, application-code: 160ms)
 GET /images/logo-horizontal.webp 404 in 130ms (next.js: 30ms, application-code: 99ms)
 GET /images/logo-horizontal.webp 404 in 358ms (next.js: 9ms, application-code: 348ms)
 GET /images/hero-visual.webp 404 in 381ms (next.js: 105ms, application-code: 277ms)
 GET / 200 in 77ms (next.js: 32ms, application-code: 45ms)
 GET /images/ai-os-diagram.webp 404 in 291ms (next.js: 30ms, application-code: 261ms)
 GET /dashboard 404 in 226ms (next.js: 23ms, application-code: 203ms)
 GET /images/logo-horizontal.webp 404 in 222ms (next.js: 56ms, application-code: 167ms)
 GET /images/logo-symbol.webp 404 in 142ms (next.js: 7ms, application-code: 135ms)
 GET /images/logo-horizontal.webp 404 in 78ms (next.js: 7ms, application-code: 71ms)
 GET /app 404 in 127ms (next.js: 7ms, application-code: 120ms)
 GET /images/logo-horizontal.webp 404 in 184ms (next.js: 16ms, application-code: 168ms)
 GET /images/logo-symbol.webp 404 in 116ms (next.js: 29ms, application-code: 88ms)
 GET /images/logo-horizontal.webp 404 in 90ms (next.js: 24ms, application-code: 67ms)
 GET /app 404 in 15ms (next.js: 6ms, application-code: 9ms)
○ Compiling /os ...
 GET /os 307 in 3.5s (next.js: 3.3s, application-code: 250ms)
 GET /os/dashboard 200 in 807ms (next.js: 131ms, application-code: 676ms)
 GET /os/workflows 200 in 1550ms (next.js: 1502ms, application-code: 48ms)
 GET /os/factories 200 in 2.2s (next.js: 2.2s, application-code: 34ms)
 GET /os/agents 404 in 279ms (next.js: 9ms, application-code: 271ms)
 GET /os/agents 404 in 241ms (next.js: 55ms, application-code: 186ms)
 GET /os/settings 200 in 2.2s (next.js: 2.2s, application-code: 59ms)
 GET /os/dashboard 200 in 35ms (next.js: 5ms, application-code: 31ms)
 GET / 200 in 161ms (next.js: 5ms, application-code: 156ms)
 GET /images/logo-horizontal.webp 404 in 65ms (next.js: 7ms, application-code: 57ms)
 GET /images/hero-visual.webp 404 in 89ms (next.js: 8ms, application-code: 82ms)
 GET / 200 in 161ms (next.js: 3ms, application-code: 158ms)
 GET /images/logo-horizontal.webp 404 in 146ms (next.js: 27ms, application-code: 119ms)
 GET /images/hero-visual.webp 404 in 148ms (next.js: 60ms, application-code: 88ms)
 GET / 200 in 167ms (next.js: 4ms, application-code: 163ms)
 GET /images/logo-horizontal.webp 404 in 61ms (next.js: 5ms, application-code: 55ms)
 GET /images/hero-visual.webp 404 in 100ms (next.js: 6ms, application-code: 94ms)
 GET /images/logo-horizontal.webp 404 in 88ms (next.js: 6ms, application-code: 82ms)
 GET /images/hero-visual.webp 404 in 76ms (next.js: 8ms, application-code: 68ms)
 GET / 200 in 164ms (next.js: 4ms, application-code: 160ms)
 GET /images/logo-horizontal.webp 404 in 61ms (next.js: 6ms, application-code: 56ms)
 GET /images/hero-visual.webp 404 in 91ms (next.js: 22ms, application-code: 68ms)
 GET /os/workflows 200 in 35ms (next.js: 4ms, application-code: 31ms)
 GET /os/workflows/blog-seo 200 in 2.2s (next.js: 2.2s, application-code: 49ms)
 GET /os/factories 200 in 268ms (next.js: 36ms, application-code: 232ms)
 GET /os/dashboard 200 in 44ms (next.js: 10ms, application-code: 34ms)
 GET /os/workflows 200 in 44ms (next.js: 7ms, application-code: 36ms)
 GET /os/factories 200 in 29ms (next.js: 3ms, application-code: 26ms)
 GET /os/agents 404 in 45ms (next.js: 13ms, application-code: 32ms)
 GET /os/agents 404 in 60ms (next.js: 8ms, application-code: 52ms)
 GET /os/workflows 200 in 43ms (next.js: 9ms, application-code: 34ms)
 GET /os/factories 200 in 37ms (next.js: 7ms, application-code: 31ms)
 GET /os/dashboard 200 in 38ms (next.js: 6ms, application-code: 32ms)
 GET / 200 in 164ms (next.js: 8ms, application-code: 156ms)
 GET /images/hero-visual.webp 404 in 152ms (next.js: 20ms, application-code: 132ms)
 GET /images/logo-horizontal.webp 404 in 124ms (next.js: 21ms, application-code: 103ms)
 GET /images/logo-horizontal.webp 404 in 133ms (next.js: 12ms, application-code: 121ms)
 GET /images/hero-visual.webp 404 in 138ms (next.js: 68ms, application-code: 70ms)
 GET /images/ai-os-diagram.webp 404 in 68ms (next.js: 8ms, application-code: 60ms)
 GET /images/video-factory.webp 404 in 211ms (next.js: 12ms, application-code: 199ms)
 GET /images/writing-factory.webp 404 in 216ms (next.js: 42ms, application-code: 174ms)
 GET /images/creator-factory.webp 404 in 222ms (next.js: 114ms, application-code: 107ms)
 GET /images/research-factory.webp 404 in 179ms (next.js: 14ms, application-code: 165ms)
 GET /images/marketing-factory.webp 404 in 183ms (next.js: 42ms, application-code: 141ms)
 GET /images/fortune-factory.webp 404 in 189ms (next.js: 113ms, application-code: 76ms)
 GET /images/roadmap-visual.webp 404 in 70ms (next.js: 8ms, application-code: 62ms)
 GET /images/logo-horizontal.webp 404 in 64ms (next.js: 9ms, application-code: 55ms)
 GET /images/logo-symbol.webp 404 in 78ms (next.js: 9ms, application-code: 70ms)
 GET /images/ai-os-diagram.webp 404 in 84ms (next.js: 9ms, application-code: 75ms)
 GET /os/factories 200 in 51ms (next.js: 9ms, application-code: 42ms)
 GET /os/workflows 200 in 34ms (next.js: 5ms, application-code: 30ms)
 GET /os/dashboard 200 in 40ms (next.js: 9ms, application-code: 32ms)
✓ Compiled in 397ms
 GET /os/dashboard 200 in 387ms (next.js: 135ms, application-code: 252ms)
 GET / 200 in 187ms (next.js: 118ms, application-code: 70ms)
✓ Compiled in 150ms
 GET /os/dashboard 200 in 205ms (next.js: 108ms, application-code: 98ms)
 GET / 200 in 207ms (next.js: 161ms, application-code: 46ms)
✓ Compiled in 99ms
 GET / 200 in 518ms (next.js: 452ms, application-code: 66ms)
 GET /os/dashboard 500 in 527ms (next.js: 115ms, application-code: 412ms)
✓ Compiled in 76ms
 GET / 200 in 469ms (next.js: 86ms, application-code: 383ms)
 GET /os/dashboard 200 in 341ms (next.js: 106ms, application-code: 235ms)
 GET / 200 in 211ms (next.js: 79ms, application-code: 133ms)
 GET /os/dashboard 200 in 76ms (next.js: 15ms, application-code: 60ms)
 GET / 200 in 199ms (next.js: 84ms, application-code: 116ms)
 GET /os/dashboard 200 in 203ms (next.js: 149ms, application-code: 55ms)
 GET /os/dashboard 200 in 174ms (next.js: 77ms, application-code: 97ms)
 GET / 200 in 176ms (next.js: 133ms, application-code: 43ms)
 GET / 200 in 233ms (next.js: 86ms, application-code: 147ms)
 GET /os/dashboard 200 in 94ms (next.js: 16ms, application-code: 78ms)
✓ Compiled in 67ms
 GET /os/dashboard 200 in 238ms (next.js: 100ms, application-code: 138ms)
 GET / 200 in 239ms (next.js: 165ms, application-code: 75ms)
✓ Compiled in 54ms
 GET / 200 in 465ms (next.js: 99ms, application-code: 366ms)
 GET /os/dashboard 200 in 323ms (next.js: 84ms, application-code: 239ms)
✓ Compiled in 216ms
 GET / 200 in 424ms (next.js: 83ms, application-code: 342ms)
 GET /os/dashboard 200 in 426ms (next.js: 221ms, application-code: 205ms)
 GET / 200 in 156ms (next.js: 6ms, application-code: 150ms)
 GET /os/dashboard 200 in 186ms (next.js: 24ms, application-code: 162ms)
 GET / 200 in 161ms (next.js: 4ms, application-code: 157ms)
 GET / 200 in 163ms (next.js: 29ms, application-code: 134ms)
 GET / 200 in 202ms (next.js: 5ms, application-code: 198ms)
 GET / 200 in 205ms (next.js: 34ms, application-code: 171ms)
 GET / 200 in 154ms (next.js: 8ms, application-code: 146ms)
 GET / 200 in 183ms (next.js: 4ms, application-code: 179ms)
 GET / 200 in 187ms (next.js: 5ms, application-code: 182ms)
 GET / 200 in 188ms (next.js: 32ms, application-code: 157ms)
 GET /os/dashboard 200 in 227ms (next.js: 38ms, application-code: 190ms)
 GET /os/dashboard 200 in 232ms (next.js: 7ms, application-code: 225ms)
 GET /os/dashboard 200 in 169ms (next.js: 7ms, application-code: 162ms)
 GET /os/dashboard 200 in 203ms (next.js: 4ms, application-code: 200ms)
 GET /os/dashboard 200 in 176ms (next.js: 14ms, application-code: 161ms)
 GET /os/dashboard 200 in 169ms (next.js: 37ms, application-code: 133ms)
 GET /os/dashboard 200 in 88ms (next.js: 8ms, application-code: 80ms)
 GET /os/dashboard 200 in 87ms (next.js: 36ms, application-code: 51ms)
✓ Compiled in 214ms
 GET /os/dashboard 200 in 175ms (next.js: 73ms, application-code: 102ms)
 GET / 200 in 176ms (next.js: 125ms, application-code: 50ms)
✓ Compiled in 92ms
 GET /os/dashboard 200 in 424ms (next.js: 97ms, application-code: 327ms)
 GET / 200 in 428ms (next.js: 163ms, application-code: 265ms)
 GET /os/dashboard 200 in 226ms (next.js: 5ms, application-code: 221ms)
 GET / 200 in 205ms (next.js: 57ms, application-code: 148ms)
 GET /os/dashboard 200 in 189ms (next.js: 5ms, application-code: 184ms)
 GET /os/dashboard 200 in 224ms (next.js: 36ms, application-code: 187ms)
 GET / 200 in 146ms (next.js: 36ms, application-code: 110ms)
 GET /os/dashboard 200 in 149ms (next.js: 7ms, application-code: 142ms)
 GET / 200 in 81ms (next.js: 5ms, application-code: 76ms)
 GET / 200 in 48ms (next.js: 9ms, application-code: 39ms)
✓ Compiled in 94ms
 GET /os/dashboard 200 in 472ms (next.js: 242ms, application-code: 229ms)
 GET / 200 in 478ms (next.js: 82ms, application-code: 396ms)
 GET / 200 in 167ms (next.js: 4ms, application-code: 163ms)
 GET /os/dashboard 200 in 206ms (next.js: 12ms, application-code: 194ms)
 GET / 200 in 189ms (next.js: 5ms, application-code: 184ms)
 GET / 200 in 190ms (next.js: 36ms, application-code: 153ms)
 GET / 200 in 162ms (next.js: 4ms, application-code: 158ms)
 GET /os/dashboard 200 in 165ms (next.js: 32ms, application-code: 133ms)
 GET /os/dashboard 200 in 98ms (next.js: 5ms, application-code: 93ms)
 GET /os/dashboard 200 in 64ms (next.js: 4ms, application-code: 60ms)
✓ Compiled in 382ms
 GET /os/dashboard 200 in 702ms (next.js: 180ms, application-code: 522ms)
 GET / 200 in 706ms (next.js: 408ms, application-code: 298ms)
 GET /os/dashboard 200 in 227ms (next.js: 22ms, application-code: 205ms)
 GET / 200 in 115ms (next.js: 12ms, application-code: 103ms)
 GET /os/dashboard 200 in 248ms (next.js: 7ms, application-code: 241ms)
 GET /os/dashboard 200 in 249ms (next.js: 9ms, application-code: 240ms)
 GET /os/dashboard 200 in 199ms (next.js: 51ms, application-code: 148ms)
 GET /os/dashboard 200 in 203ms (next.js: 9ms, application-code: 194ms)
 GET /os/dashboard 200 in 202ms (next.js: 94ms, application-code: 108ms)
 GET /os/dashboard 200 in 173ms (next.js: 6ms, application-code: 167ms)
 GET /os/dashboard 200 in 218ms (next.js: 10ms, application-code: 207ms)
 GET /os/dashboard 200 in 169ms (next.js: 8ms, application-code: 161ms)
 GET /os/dashboard 200 in 170ms (next.js: 38ms, application-code: 132ms)
 GET /os/dashboard 200 in 138ms (next.js: 37ms, application-code: 101ms)
 GET /os/dashboard 200 in 132ms (next.js: 4ms, application-code: 128ms)
 GET /os/dashboard 200 in 130ms (next.js: 8ms, application-code: 122ms)
 GET /os/dashboard 200 in 177ms (next.js: 6ms, application-code: 172ms)
 GET /os/dashboard 200 in 150ms (next.js: 5ms, application-code: 145ms)
 GET /os/dashboard 200 in 154ms (next.js: 30ms, application-code: 123ms)
 GET /os/dashboard 200 in 155ms (next.js: 6ms, application-code: 149ms)
 GET /os/dashboard 200 in 132ms (next.js: 3ms, application-code: 129ms)
 GET /os/dashboard 200 in 107ms (next.js: 3ms, application-code: 104ms)
 GET /os/dashboard 200 in 182ms (next.js: 32ms, application-code: 150ms)
 GET /os/dashboard 200 in 185ms (next.js: 6ms, application-code: 180ms)
 GET /os/dashboard 200 in 125ms (next.js: 5ms, application-code: 120ms)
 GET /os/dashboard 200 in 187ms (next.js: 29ms, application-code: 157ms)
 GET /os/dashboard 200 in 190ms (next.js: 54ms, application-code: 136ms)
 GET /os/dashboard 200 in 118ms (next.js: 4ms, application-code: 114ms)
 GET /os/dashboard 200 in 205ms (next.js: 38ms, application-code: 166ms)
 GET /os/dashboard 200 in 207ms (next.js: 8ms, application-code: 199ms)
 GET /os/dashboard 200 in 139ms (next.js: 9ms, application-code: 131ms)
 GET /os/dashboard 200 in 194ms (next.js: 58ms, application-code: 136ms)
 GET /os/dashboard 200 in 199ms (next.js: 32ms, application-code: 167ms)
 GET /os/dashboard 200 in 135ms (next.js: 5ms, application-code: 130ms)
 GET / 200 in 189ms (next.js: 32ms, application-code: 156ms)
 GET /os/dashboard 200 in 193ms (next.js: 6ms, application-code: 187ms)
 GET / 200 in 131ms (next.js: 5ms, application-code: 126ms)
 GET / 200 in 130ms (next.js: 4ms, application-code: 126ms)
 GET / 200 in 159ms (next.js: 30ms, application-code: 129ms)
 GET / 200 in 135ms (next.js: 11ms, application-code: 124ms)
 GET / 200 in 176ms (next.js: 5ms, application-code: 171ms)
 GET / 200 in 150ms (next.js: 5ms, application-code: 145ms)
 GET / 200 in 120ms (next.js: 5ms, application-code: 115ms)
 GET / 200 in 128ms (next.js: 4ms, application-code: 123ms)
 GET / 200 in 190ms (next.js: 29ms, application-code: 161ms)
 GET / 200 in 144ms (next.js: 4ms, application-code: 140ms)
 GET / 200 in 253ms (next.js: 4ms, application-code: 249ms)
 GET / 200 in 228ms (next.js: 13ms, application-code: 215ms)
 GET / 200 in 221ms (next.js: 33ms, application-code: 188ms)
 GET / 200 in 186ms (next.js: 6ms, application-code: 179ms)
 GET / 200 in 153ms (next.js: 5ms, application-code: 148ms)
 GET / 200 in 152ms (next.js: 30ms, application-code: 123ms)
 GET / 200 in 176ms (next.js: 6ms, application-code: 170ms)
 GET / 200 in 149ms (next.js: 6ms, application-code: 144ms)
 GET / 200 in 149ms (next.js: 30ms, application-code: 119ms)
 GET / 200 in 150ms (next.js: 6ms, application-code: 145ms)
 GET / 200 in 149ms (next.js: 3ms, application-code: 146ms)
 GET / 200 in 151ms (next.js: 29ms, application-code: 122ms)
 GET / 200 in 179ms (next.js: 4ms, application-code: 175ms)
 GET / 200 in 152ms (next.js: 3ms, application-code: 149ms)
 GET / 200 in 154ms (next.js: 30ms, application-code: 124ms)
 GET / 200 in 155ms (next.js: 5ms, application-code: 150ms)
 GET / 200 in 125ms (next.js: 4ms, application-code: 121ms)
 GET / 200 in 97ms (next.js: 3ms, application-code: 94ms)
 GET / 200 in 63ms (next.js: 4ms, application-code: 58ms)
 GET / 200 in 63ms (next.js: 30ms, application-code: 33ms)
✓ Compiled in 82ms
 GET / 200 in 1010ms (next.js: 81ms, application-code: 929ms)
 GET /os/dashboard 200 in 1014ms (next.js: 215ms, application-code: 798ms)
 GET /os/dashboard 500 in 754ms (next.js: 4ms, application-code: 750ms)
✓ Compiled in 71ms
 GET / 200 in 388ms (next.js: 89ms, application-code: 299ms)
 GET /os/dashboard 200 in 254ms (next.js: 85ms, application-code: 169ms)
✓ Compiled in 74ms
 GET / 200 in 361ms (next.js: 154ms, application-code: 206ms)
 GET /os/dashboard 200 in 365ms (next.js: 95ms, application-code: 271ms)
 GET / 200 in 174ms (next.js: 30ms, application-code: 143ms)
 GET /os/dashboard 200 in 180ms (next.js: 4ms, application-code: 177ms)
 GET /os/dashboard 200 in 257ms (next.js: 6ms, application-code: 252ms)
 GET /os/dashboard 200 in 260ms (next.js: 40ms, application-code: 220ms)
 GET / 200 in 199ms (next.js: 35ms, application-code: 164ms)
 GET /os/dashboard 200 in 204ms (next.js: 9ms, application-code: 195ms)
 GET / 200 in 143ms (next.js: 10ms, application-code: 134ms)
 GET / 200 in 139ms (next.js: 32ms, application-code: 106ms)
✓ Compiled in 76ms
 GET /os/dashboard 200 in 442ms (next.js: 209ms, application-code: 233ms)
 GET / 200 in 447ms (next.js: 75ms, application-code: 371ms)
 GET / 200 in 186ms (next.js: 7ms, application-code: 179ms)
 GET /os/dashboard 200 in 212ms (next.js: 6ms, application-code: 206ms)
 GET / 200 in 163ms (next.js: 6ms, application-code: 157ms)
 GET / 200 in 164ms (next.js: 34ms, application-code: 129ms)
 GET / 200 in 125ms (next.js: 5ms, application-code: 120ms)
 GET /os/dashboard 200 in 125ms (next.js: 30ms, application-code: 96ms)
 GET /os/dashboard 200 in 72ms (next.js: 7ms, application-code: 65ms)
 GET /os/dashboard 200 in 38ms (next.js: 3ms, application-code: 34ms)
✓ Compiled in 165ms
 GET /os/dashboard 200 in 300ms (next.js: 109ms, application-code: 191ms)
 GET / 200 in 304ms (next.js: 159ms, application-code: 145ms)
 GET /os/dashboard 200 in 105ms (next.js: 4ms, application-code: 102ms)
 GET / 200 in 106ms (next.js: 32ms, application-code: 74ms)
 GET /os/dashboard 200 in 136ms (next.js: 4ms, application-code: 132ms)
 GET /os/dashboard 200 in 145ms (next.js: 6ms, application-code: 139ms)
 GET /os/dashboard 200 in 120ms (next.js: 4ms, application-code: 115ms)
 GET /os/dashboard 200 in 212ms (next.js: 32ms, application-code: 180ms)
 GET /os/dashboard 200 in 245ms (next.js: 8ms, application-code: 237ms)
 GET /os/dashboard 200 in 197ms (next.js: 6ms, application-code: 191ms)
 GET /os/dashboard 200 in 158ms (next.js: 6ms, application-code: 153ms)
 GET /os/dashboard 200 in 132ms (next.js: 5ms, application-code: 127ms)
 GET /os/dashboard 200 in 162ms (next.js: 32ms, application-code: 130ms)
 GET /os/dashboard 200 in 202ms (next.js: 5ms, application-code: 197ms)
 GET /os/dashboard 200 in 176ms (next.js: 4ms, application-code: 172ms)
 GET /os/dashboard 200 in 175ms (next.js: 4ms, application-code: 171ms)
 GET /os/dashboard 200 in 175ms (next.js: 6ms, application-code: 170ms)
 GET /os/dashboard 200 in 175ms (next.js: 35ms, application-code: 140ms)
 GET /os/dashboard 200 in 147ms (next.js: 33ms, application-code: 115ms)
 GET /os/dashboard 200 in 214ms (next.js: 6ms, application-code: 209ms)
 GET /os/dashboard 200 in 186ms (next.js: 5ms, application-code: 181ms)
 GET /os/dashboard 200 in 183ms (next.js: 5ms, application-code: 179ms)
 GET /os/dashboard 200 in 177ms (next.js: 33ms, application-code: 144ms)
 GET /os/dashboard 200 in 180ms (next.js: 6ms, application-code: 174ms)
 GET /os/dashboard 200 in 154ms (next.js: 4ms, application-code: 150ms)
 GET /os/dashboard 200 in 189ms (next.js: 5ms, application-code: 185ms)
 GET /os/dashboard 200 in 163ms (next.js: 5ms, application-code: 158ms)
 GET /os/dashboard 200 in 162ms (next.js: 5ms, application-code: 157ms)
 GET /os/dashboard 200 in 168ms (next.js: 6ms, application-code: 162ms)
 GET /os/dashboard 200 in 168ms (next.js: 31ms, application-code: 137ms)
 GET /os/dashboard 200 in 144ms (next.js: 4ms, application-code: 140ms)
 GET /os/dashboard 200 in 197ms (next.js: 6ms, application-code: 192ms)
 GET /os/dashboard 200 in 167ms (next.js: 10ms, application-code: 156ms)
 GET /os/dashboard 200 in 163ms (next.js: 4ms, application-code: 159ms)
 GET /os/dashboard 200 in 163ms (next.js: 6ms, application-code: 157ms)
 GET /os/dashboard 200 in 174ms (next.js: 31ms, application-code: 143ms)
 GET / 200 in 119ms (next.js: 3ms, application-code: 116ms)
 GET / 200 in 208ms (next.js: 4ms, application-code: 204ms)
 GET / 200 in 208ms (next.js: 35ms, application-code: 174ms)
 GET / 200 in 163ms (next.js: 5ms, application-code: 158ms)
 GET / 200 in 163ms (next.js: 5ms, application-code: 158ms)
 GET / 200 in 163ms (next.js: 35ms, application-code: 128ms)
 GET / 200 in 135ms (next.js: 33ms, application-code: 102ms)
 GET / 200 in 191ms (next.js: 5ms, application-code: 186ms)
 GET / 200 in 192ms (next.js: 32ms, application-code: 160ms)
 GET / 200 in 203ms (next.js: 6ms, application-code: 197ms)
 GET / 200 in 177ms (next.js: 4ms, application-code: 172ms)
 GET / 200 in 178ms (next.js: 32ms, application-code: 145ms)
 GET / 200 in 123ms (next.js: 4ms, application-code: 120ms)
 GET / 200 in 212ms (next.js: 4ms, application-code: 208ms)
 GET / 200 in 213ms (next.js: 32ms, application-code: 181ms)
 GET / 200 in 204ms (next.js: 6ms, application-code: 197ms)
 GET / 200 in 204ms (next.js: 34ms, application-code: 171ms)
 GET / 200 in 176ms (next.js: 34ms, application-code: 143ms)
 GET / 200 in 148ms (next.js: 16ms, application-code: 132ms)
 GET / 200 in 189ms (next.js: 4ms, application-code: 184ms)
 GET / 200 in 190ms (next.js: 35ms, application-code: 155ms)
 GET / 200 in 186ms (next.js: 4ms, application-code: 182ms)
 GET / 200 in 159ms (next.js: 30ms, application-code: 129ms)
 GET / 200 in 161ms (next.js: 5ms, application-code: 156ms)
 GET / 200 in 138ms (next.js: 4ms, application-code: 134ms)
 GET / 200 in 197ms (next.js: 33ms, application-code: 164ms)
 GET / 200 in 200ms (next.js: 5ms, application-code: 195ms)
 GET / 200 in 140ms (next.js: 5ms, application-code: 135ms)
 GET / 200 in 150ms (next.js: 6ms, application-code: 145ms)
 GET / 200 in 151ms (next.js: 32ms, application-code: 119ms)
 GET / 200 in 88ms (next.js: 4ms, application-code: 85ms)
 GET / 200 in 53ms (next.js: 6ms, application-code: 46ms)
✓ Compiled in 90ms
 GET /os/dashboard 200 in 856ms (next.js: 819ms, application-code: 37ms)
 GET / 200 in 863ms (next.js: 177ms, application-code: 686ms)
 GET /os/dashboard 500 in 877ms (next.js: 108ms, application-code: 769ms)
✓ Compiled in 96ms
 GET / 200 in 673ms (next.js: 100ms, application-code: 573ms)
 GET /os/dashboard 200 in 489ms (next.js: 247ms, application-code: 243ms)
✓ Compiled in 484ms
 GET /os/dashboard 200 in 394ms (next.js: 214ms, application-code: 180ms)
 GET / 200 in 398ms (next.js: 83ms, application-code: 315ms)
 GET / 200 in 140ms (next.js: 4ms, application-code: 136ms)
 GET /os/dashboard 200 in 262ms (next.js: 4ms, application-code: 258ms)
 GET / 200 in 271ms (next.js: 4ms, application-code: 267ms)
 GET / 200 in 273ms (next.js: 31ms, application-code: 242ms)
 GET / 200 in 223ms (next.js: 8ms, application-code: 215ms)
 GET /os/dashboard 200 in 166ms (next.js: 8ms, application-code: 159ms)
 GET /os/dashboard 200 in 164ms (next.js: 92ms, application-code: 72ms)
 GET /os/dashboard 200 in 36ms (next.js: 3ms, application-code: 33ms)
✓ Compiled in 85ms
 GET /os/dashboard 200 in 372ms (next.js: 207ms, application-code: 165ms)
 GET / 200 in 377ms (next.js: 81ms, application-code: 296ms)
 GET / 200 in 124ms (next.js: 3ms, application-code: 121ms)
 GET /os/dashboard 200 in 168ms (next.js: 4ms, application-code: 164ms)
 GET / 200 in 1194ms (next.js: 3ms, application-code: 1191ms)
 GET / 200 in 1251ms (next.js: 29ms, application-code: 1222ms)
 GET / 200 in 1556ms (next.js: 5ms, application-code: 1551ms)
 GET /os/dashboard 200 in 1568ms (next.js: 30ms, application-code: 1538ms)
 GET /os/dashboard 200 in 1511ms (next.js: 58ms, application-code: 1453ms)
 GET /os/dashboard 200 in 425ms (next.js: 45ms, application-code: 381ms)
✓ Compiled in 1374ms
 GET /os/dashboard 200 in 2.0s (next.js: 888ms, application-code: 1146ms)
 GET / 200 in 2.0s (next.js: 1305ms, application-code: 722ms)
 GET / 200 in 365ms (next.js: 254ms, application-code: 111ms)
 GET /os/dashboard 200 in 372ms (next.js: 30ms, application-code: 342ms)
 GET /os/dashboard 200 in 94ms (next.js: 4ms, application-code: 90ms)
 GET /os/dashboard 200 in 192ms (next.js: 9ms, application-code: 183ms)
 GET /os/dashboard 200 in 154ms (next.js: 41ms, application-code: 113ms)
 GET /os/dashboard 200 in 156ms (next.js: 12ms, application-code: 144ms)
 GET /os/dashboard 200 in 216ms (next.js: 67ms, application-code: 149ms)
 GET /os/dashboard 200 in 190ms (next.js: 5ms, application-code: 185ms)
 GET /os/dashboard 200 in 914ms (next.js: 39ms, application-code: 875ms)
 GET /os/dashboard 200 in 928ms (next.js: 8ms, application-code: 920ms)
 GET /os/dashboard 200 in 858ms (next.js: 33ms, application-code: 825ms)
 GET /os/dashboard 200 in 861ms (next.js: 194ms, application-code: 667ms)
 GET /os/dashboard 200 in 993ms (next.js: 39ms, application-code: 954ms)
 GET /os/dashboard 200 in 1017ms (next.js: 30ms, application-code: 987ms)
 GET /os/dashboard 200 in 843ms (next.js: 63ms, application-code: 780ms)
 GET /os/dashboard 200 in 838ms (next.js: 386ms, application-code: 451ms)
 GET /os/dashboard 200 in 387ms (next.js: 6ms, application-code: 381ms)
 GET /os/dashboard 200 in 387ms (next.js: 50ms, application-code: 337ms)
 GET /os/dashboard 200 in 249ms (next.js: 31ms, application-code: 218ms)
 GET /os/dashboard 200 in 258ms (next.js: 3ms, application-code: 255ms)
 GET /os/dashboard 200 in 230ms (next.js: 3ms, application-code: 226ms)
 GET /os/dashboard 200 in 209ms (next.js: 6ms, application-code: 203ms)
 GET /os/dashboard 200 in 179ms (next.js: 7ms, application-code: 172ms)
 GET /os/dashboard 200 in 233ms (next.js: 43ms, application-code: 190ms)
 GET /os/dashboard 200 in 161ms (next.js: 8ms, application-code: 153ms)
 GET /os/dashboard 200 in 126ms (next.js: 9ms, application-code: 117ms)
 GET /os/dashboard 200 in 85ms (next.js: 7ms, application-code: 78ms)
 GET /os/dashboard 200 in 242ms (next.js: 26ms, application-code: 216ms)
 GET /os/dashboard 200 in 246ms (next.js: 131ms, application-code: 114ms)
 GET /os/dashboard 200 in 237ms (next.js: 183ms, application-code: 55ms)
 GET /os/dashboard 200 in 281ms (next.js: 126ms, application-code: 156ms)
 GET /os/dashboard 200 in 266ms (next.js: 182ms, application-code: 84ms)
 GET /os/dashboard 200 in 258ms (next.js: 68ms, application-code: 190ms)
 GET / 200 in 235ms (next.js: 116ms, application-code: 119ms)
 GET / 200 in 240ms (next.js: 90ms, application-code: 149ms)
 GET / 200 in 240ms (next.js: 188ms, application-code: 52ms)
 GET /os/dashboard 200 in 244ms (next.js: 5ms, application-code: 239ms)
 GET /os/dashboard 200 in 246ms (next.js: 34ms, application-code: 212ms)
 GET /os/dashboard 200 in 247ms (next.js: 61ms, application-code: 186ms)
 GET / 200 in 391ms (next.js: 6ms, application-code: 385ms)
 GET / 200 in 393ms (next.js: 37ms, application-code: 356ms)
 GET / 200 in 393ms (next.js: 67ms, application-code: 327ms)
 GET / 200 in 365ms (next.js: 71ms, application-code: 294ms)
 GET / 200 in 365ms (next.js: 114ms, application-code: 251ms)
 GET / 200 in 302ms (next.js: 171ms, application-code: 131ms)
 GET / 200 in 750ms (next.js: 6ms, application-code: 744ms)
 GET / 200 in 776ms (next.js: 33ms, application-code: 743ms)
 GET / 200 in 785ms (next.js: 61ms, application-code: 724ms)
 GET / 200 in 771ms (next.js: 232ms, application-code: 539ms)
 GET / 200 in 578ms (next.js: 305ms, application-code: 273ms)
 GET / 200 in 854ms (next.js: 178ms, application-code: 675ms)
 GET / 200 in 912ms (next.js: 51ms, application-code: 861ms)
 GET / 200 in 636ms (next.js: 32ms, application-code: 604ms)
 GET / 200 in 646ms (next.js: 9ms, application-code: 637ms)
 GET / 200 in 655ms (next.js: 145ms, application-code: 509ms)
 GET / 200 in 680ms (next.js: 224ms, application-code: 455ms)
 GET / 200 in 494ms (next.js: 143ms, application-code: 351ms)
 GET / 200 in 662ms (next.js: 49ms, application-code: 614ms)
 GET / 200 in 521ms (next.js: 38ms, application-code: 483ms)
 GET / 200 in 529ms (next.js: 77ms, application-code: 453ms)
 GET / 200 in 474ms (next.js: 40ms, application-code: 434ms)
 GET / 200 in 440ms (next.js: 37ms, application-code: 403ms)
 GET / 200 in 469ms (next.js: 80ms, application-code: 389ms)
 GET / 200 in 387ms (next.js: 13ms, application-code: 374ms)
 GET / 200 in 351ms (next.js: 7ms, application-code: 345ms)
 GET / 200 in 351ms (next.js: 64ms, application-code: 287ms)
 GET / 200 in 318ms (next.js: 169ms, application-code: 149ms)
 GET / 200 in 316ms (next.js: 244ms, application-code: 72ms)
 GET / 200 in 202ms (next.js: 125ms, application-code: 77ms)
 GET / 200 in 39ms (next.js: 7ms, application-code: 32ms)
✓ Compiled in 1224ms
 GET /os/dashboard 200 in 1588ms (next.js: 914ms, application-code: 674ms)
 GET / 200 in 1575ms (next.js: 974ms, application-code: 601ms)
 GET /os/dashboard 200 in 398ms (next.js: 31ms, application-code: 367ms)
 GET / 200 in 213ms (next.js: 42ms, application-code: 172ms)
 GET /os/dashboard 200 in 363ms (next.js: 5ms, application-code: 358ms)
 GET /os/dashboard 200 in 362ms (next.js: 6ms, application-code: 356ms)
 GET /os/dashboard 200 in 328ms (next.js: 6ms, application-code: 323ms)
 GET /os/dashboard 200 in 329ms (next.js: 39ms, application-code: 290ms)
 GET /os/dashboard 200 in 386ms (next.js: 192ms, application-code: 193ms)
 GET /os/dashboard 200 in 629ms (next.js: 7ms, application-code: 622ms)
 GET /os/dashboard 200 in 682ms (next.js: 9ms, application-code: 673ms)
 GET /os/dashboard 200 in 702ms (next.js: 37ms, application-code: 665ms)
 GET /os/dashboard 200 in 744ms (next.js: 42ms, application-code: 703ms)
 GET /os/dashboard 200 in 761ms (next.js: 4ms, application-code: 757ms)
 GET /os/dashboard 200 in 2.1s (next.js: 112ms, application-code: 1955ms)
 GET /os/dashboard 200 in 1479ms (next.js: 116ms, application-code: 1363ms)
 GET /os/dashboard 200 in 1466ms (next.js: 1028ms, application-code: 438ms)
 GET /os/dashboard 200 in 1449ms (next.js: 1301ms, application-code: 149ms)
 GET /os/dashboard 200 in 109ms (next.js: 7ms, application-code: 103ms)
 GET /os/dashboard 200 in 109ms (next.js: 33ms, application-code: 75ms)
 GET /os/dashboard 200 in 303ms (next.js: 30ms, application-code: 273ms)
 GET /os/dashboard 200 in 764ms (next.js: 9ms, application-code: 755ms)
 GET /os/dashboard 200 in 772ms (next.js: 40ms, application-code: 732ms)
 GET /os/dashboard 200 in 778ms (next.js: 97ms, application-code: 680ms)
 GET /os/dashboard 200 in 583ms (next.js: 66ms, application-code: 517ms)
 GET /os/dashboard 200 in 694ms (next.js: 134ms, application-code: 560ms)
 GET /os/dashboard 200 in 727ms (next.js: 210ms, application-code: 518ms)
 GET /os/dashboard 200 in 876ms (next.js: 35ms, application-code: 842ms)
 GET /os/dashboard 200 in 881ms (next.js: 193ms, application-code: 688ms)
 GET /os/dashboard 200 in 730ms (next.js: 181ms, application-code: 550ms)
 GET /os/dashboard 200 in 471ms (next.js: 27ms, application-code: 444ms)
 GET /os/dashboard 200 in 543ms (next.js: 100ms, application-code: 443ms)
 GET /os/dashboard 200 in 535ms (next.js: 123ms, application-code: 412ms)
 GET /os/dashboard 200 in 502ms (next.js: 35ms, application-code: 467ms)
 GET /os/dashboard 200 in 502ms (next.js: 93ms, application-code: 409ms)
 GET /os/dashboard 200 in 419ms (next.js: 51ms, application-code: 368ms)
 GET /os/dashboard 200 in 341ms (next.js: 5ms, application-code: 336ms)
 GET /os/dashboard 200 in 413ms (next.js: 29ms, application-code: 383ms)
 GET /os/dashboard 200 in 418ms (next.js: 82ms, application-code: 336ms)
 GET / 200 in 233ms (next.js: 6ms, application-code: 228ms)
 GET /os/dashboard 200 in 271ms (next.js: 6ms, application-code: 265ms)
 GET / 200 in 237ms (next.js: 42ms, application-code: 194ms)
 GET / 200 in 169ms (next.js: 4ms, application-code: 165ms)
 GET / 200 in 173ms (next.js: 12ms, application-code: 161ms)
 GET / 200 in 244ms (next.js: 31ms, application-code: 213ms)
 GET / 200 in 568ms (next.js: 8ms, application-code: 560ms)
 GET / 200 in 568ms (next.js: 38ms, application-code: 530ms)
 GET / 200 in 538ms (next.js: 41ms, application-code: 497ms)
 GET / 200 in 503ms (next.js: 70ms, application-code: 433ms)
 GET / 200 in 411ms (next.js: 23ms, application-code: 388ms)
 GET / 200 in 493ms (next.js: 16ms, application-code: 477ms)
 GET / 200 in 751ms (next.js: 5ms, application-code: 746ms)
 GET / 200 in 759ms (next.js: 36ms, application-code: 724ms)
 GET / 200 in 702ms (next.js: 31ms, application-code: 671ms)
 GET / 200 in 708ms (next.js: 144ms, application-code: 564ms)
 GET / 200 in 712ms (next.js: 42ms, application-code: 671ms)
 GET / 200 in 670ms (next.js: 28ms, application-code: 642ms)
 GET / 200 in 910ms (next.js: 39ms, application-code: 871ms)
 GET / 200 in 910ms (next.js: 161ms, application-code: 749ms)
 GET / 200 in 671ms (next.js: 30ms, application-code: 641ms)
 GET / 200 in 689ms (next.js: 157ms, application-code: 532ms)
 GET / 200 in 541ms (next.js: 24ms, application-code: 517ms)
 GET / 200 in 541ms (next.js: 7ms, application-code: 534ms)
 GET / 200 in 707ms (next.js: 28ms, application-code: 679ms)
 GET / 200 in 709ms (next.js: 93ms, application-code: 616ms)
 GET / 200 in 532ms (next.js: 31ms, application-code: 501ms)
 GET / 200 in 401ms (next.js: 17ms, application-code: 384ms)
 GET / 200 in 551ms (next.js: 92ms, application-code: 459ms)
 GET / 200 in 581ms (next.js: 4ms, application-code: 576ms)
 GET / 200 in 691ms (next.js: 5ms, application-code: 686ms)
 GET / 200 in 693ms (next.js: 81ms, application-code: 612ms)
 GET / 200 in 480ms (next.js: 51ms, application-code: 429ms)
 GET / 200 in 350ms (next.js: 6ms, application-code: 345ms)
 GET / 200 in 400ms (next.js: 111ms, application-code: 288ms)
 GET / 200 in 214ms (next.js: 29ms, application-code: 185ms)
 GET / 200 in 59ms (next.js: 6ms, application-code: 53ms)
✓ Compiled in 87ms
 GET /os/dashboard 200 in 2.6s (next.js: 109ms, application-code: 2.5s)
 GET / 200 in 2.7s (next.js: 308ms, application-code: 2.4s)
 GET /os/dashboard 500 in 2.5s (next.js: 3ms, application-code: 2.5s)
 GET / 200 in 1802ms (next.js: 1165ms, application-code: 636ms)
 GET /os/dashboard 200 in 485ms (next.js: 139ms, application-code: 346ms)
✓ Compiled in 2.3s
 GET / 200 in 3.4s (next.js: 667ms, application-code: 2.7s)
 GET / 200 in 1926ms (next.js: 1127ms, application-code: 799ms)
 GET /os/dashboard 200 in 1975ms (next.js: 822ms, application-code: 1154ms)
 GET / 200 in 554ms (next.js: 31ms, application-code: 523ms)
 GET /os/dashboard 200 in 647ms (next.js: 19ms, application-code: 628ms)
✓ Compiled in 116ms
 GET / 200 in 2.1s (next.js: 199ms, application-code: 1901ms)
 GET / 200 in 2.1s (next.js: 1014ms, application-code: 1098ms)
 GET / 200 in 2.2s (next.js: 86ms, application-code: 2.1s)
 GET / 200 in 2.1s (next.js: 1433ms, application-code: 699ms)
 GET / 200 in 2.2s (next.js: 770ms, application-code: 1427ms)
 GET / 200 in 2.2s (next.js: 1716ms, application-code: 472ms)
 GET / 200 in 2.7s (next.js: 798ms, application-code: 1946ms)
 GET / 200 in 2.8s (next.js: 1039ms, application-code: 1728ms)
 GET / 200 in 2.8s (next.js: 1219ms, application-code: 1554ms)
 GET / 200 in 2.8s (next.js: 1320ms, application-code: 1469ms)
 GET / 200 in 2.8s (next.js: 1482ms, application-code: 1318ms)
 GET / 200 in 2.9s (next.js: 222ms, application-code: 2.7s)
 GET /os/dashboard 200 in 10.0s (next.js: 4.3s, application-code: 5.6s)
✓ Compiled in 0ms
 GET / 200 in 11.2s (next.js: 4.9s, application-code: 6.3s)
 GET / 200 in 11.1s (next.js: 4.8s, application-code: 6.3s)
 GET / 200 in 6.1s (next.js: 3.5s, application-code: 2.6s)
 GET / 200 in 6.1s (next.js: 3.8s, application-code: 2.4s)
 GET / 200 in 6.3s (next.js: 3.3s, application-code: 3.0s)
 GET / 200 in 5.0s (next.js: 92ms, application-code: 4.9s)
 GET / 200 in 4.7s (next.js: 548ms, application-code: 4.1s)
 GET / 200 in 4.7s (next.js: 555ms, application-code: 4.1s)
 GET / 200 in 4.2s (next.js: 1792ms, application-code: 2.4s)
 GET / 200 in 2.1s (next.js: 83ms, application-code: 2.0s)
 GET /os/dashboard 200 in 6.3s (next.js: 525ms, application-code: 5.8s)
 GET / 200 in 4.1s (next.js: 88ms, application-code: 4.0s)
 GET / 200 in 4.8s (next.js: 108ms, application-code: 4.7s)
 GET / 200 in 4.7s (next.js: 732ms, application-code: 4.0s)
 GET / 200 in 4.1s (next.js: 828ms, application-code: 3.3s)
 GET / 200 in 3.4s (next.js: 825ms, application-code: 2.6s)
 GET / 200 in 3.0s (next.js: 79ms, application-code: 2.9s)
 GET / 200 in 3.3s (next.js: 75ms, application-code: 3.3s)
 GET / 200 in 2.6s (next.js: 53ms, application-code: 2.5s)
 GET / 200 in 2.5s (next.js: 81ms, application-code: 2.4s)
 GET / 200 in 2.5s (next.js: 515ms, application-code: 1946ms)
 GET / 200 in 1419ms (next.js: 90ms, application-code: 1330ms)
 GET / 200 in 1017ms (next.js: 55ms, application-code: 962ms)
 GET / 200 in 1351ms (next.js: 7ms, application-code: 1344ms)
 GET / 200 in 1395ms (next.js: 7ms, application-code: 1389ms)
 GET / 200 in 1370ms (next.js: 13ms, application-code: 1357ms)
 GET / 200 in 1380ms (next.js: 158ms, application-code: 1221ms)
 GET / 200 in 894ms (next.js: 53ms, application-code: 841ms)
✓ Compiled in 223ms
 GET /os/dashboard 200 in 928ms (next.js: 216ms, application-code: 712ms)
 GET / 200 in 926ms (next.js: 315ms, application-code: 611ms)
 GET / 200 in 407ms (next.js: 330ms, application-code: 76ms)
 GET /os/dashboard 200 in 422ms (next.js: 36ms, application-code: 386ms)
 GET /os/dashboard 200 in 167ms (next.js: 4ms, application-code: 163ms)
 GET /os/dashboard 200 in 166ms (next.js: 6ms, application-code: 160ms)
 GET /os/dashboard 200 in 136ms (next.js: 5ms, application-code: 131ms)
 GET /os/dashboard 200 in 139ms (next.js: 32ms, application-code: 106ms)
 GET /os/dashboard 200 in 141ms (next.js: 58ms, application-code: 83ms)
 GET /os/dashboard 200 in 172ms (next.js: 6ms, application-code: 166ms)
 GET /os/dashboard 200 in 228ms (next.js: 7ms, application-code: 221ms)
 GET /os/dashboard 200 in 198ms (next.js: 4ms, application-code: 194ms)
 GET /os/dashboard 200 in 199ms (next.js: 31ms, application-code: 168ms)
 GET /os/dashboard 200 in 201ms (next.js: 58ms, application-code: 142ms)
 GET /os/dashboard 200 in 255ms (next.js: 6ms, application-code: 249ms)
 GET /os/dashboard 200 in 258ms (next.js: 45ms, application-code: 213ms)
 GET /os/dashboard 200 in 245ms (next.js: 11ms, application-code: 234ms)
 GET /os/dashboard 200 in 189ms (next.js: 8ms, application-code: 181ms)
 GET /os/dashboard 200 in 189ms (next.js: 38ms, application-code: 151ms)
 GET /os/dashboard 200 in 189ms (next.js: 64ms, application-code: 125ms)
 GET /os/dashboard 200 in 216ms (next.js: 4ms, application-code: 213ms)
 GET /os/dashboard 200 in 190ms (next.js: 5ms, application-code: 185ms)
 GET /os/dashboard 200 in 193ms (next.js: 5ms, application-code: 188ms)
 GET /os/dashboard 200 in 163ms (next.js: 4ms, application-code: 158ms)
 GET /os/dashboard 200 in 166ms (next.js: 34ms, application-code: 132ms)
 GET /os/dashboard 200 in 136ms (next.js: 33ms, application-code: 103ms)
 GET /os/dashboard 200 in 205ms (next.js: 3ms, application-code: 202ms)
 GET /os/dashboard 200 in 179ms (next.js: 3ms, application-code: 176ms)
 GET /os/dashboard 200 in 217ms (next.js: 33ms, application-code: 184ms)
 GET /os/dashboard 200 in 219ms (next.js: 6ms, application-code: 214ms)
 GET /os/dashboard 200 in 162ms (next.js: 4ms, application-code: 158ms)
 GET /os/dashboard 200 in 164ms (next.js: 32ms, application-code: 133ms)
 GET /os/dashboard 200 in 206ms (next.js: 4ms, application-code: 202ms)
 GET /os/dashboard 200 in 170ms (next.js: 5ms, application-code: 165ms)
 GET /os/dashboard 200 in 201ms (next.js: 5ms, application-code: 196ms)
 GET /os/dashboard 200 in 204ms (next.js: 30ms, application-code: 173ms)
 GET /os/dashboard 200 in 150ms (next.js: 5ms, application-code: 146ms)
 GET /os/dashboard 200 in 145ms (next.js: 4ms, application-code: 141ms)
 GET /os/dashboard 200 in 216ms (next.js: 5ms, application-code: 211ms)
 GET /os/dashboard 200 in 189ms (next.js: 4ms, application-code: 185ms)
 GET /os/dashboard 200 in 209ms (next.js: 5ms, application-code: 205ms)
 GET /os/dashboard 200 in 181ms (next.js: 5ms, application-code: 176ms)
 GET /os/dashboard 200 in 187ms (next.js: 7ms, application-code: 180ms)
 GET /os/dashboard 200 in 199ms (next.js: 3ms, application-code: 196ms)
 GET / 200 in 198ms (next.js: 6ms, application-code: 193ms)
 GET / 200 in 276ms (next.js: 6ms, application-code: 271ms)
 GET / 200 in 287ms (next.js: 5ms, application-code: 282ms)
 GET / 200 in 246ms (next.js: 6ms, application-code: 241ms)
 GET / 200 in 234ms (next.js: 6ms, application-code: 228ms)
 GET / 200 in 206ms (next.js: 18ms, application-code: 187ms)
 GET / 200 in 208ms (next.js: 7ms, application-code: 201ms)
 GET / 200 in 182ms (next.js: 5ms, application-code: 177ms)
 GET / 200 in 199ms (next.js: 5ms, application-code: 194ms)
 GET / 200 in 163ms (next.js: 6ms, application-code: 157ms)
 GET / 200 in 167ms (next.js: 3ms, application-code: 164ms)
 GET / 200 in 172ms (next.js: 5ms, application-code: 168ms)
 GET / 200 in 176ms (next.js: 4ms, application-code: 172ms)
 GET / 200 in 179ms (next.js: 3ms, application-code: 176ms)
 GET / 200 in 220ms (next.js: 5ms, application-code: 216ms)
 GET / 200 in 193ms (next.js: 6ms, application-code: 187ms)
 GET / 200 in 195ms (next.js: 3ms, application-code: 191ms)
 GET / 200 in 211ms (next.js: 5ms, application-code: 205ms)
 GET / 200 in 205ms (next.js: 5ms, application-code: 201ms)
 GET / 200 in 209ms (next.js: 4ms, application-code: 205ms)
 GET / 200 in 252ms (next.js: 5ms, application-code: 247ms)
 GET / 200 in 208ms (next.js: 5ms, application-code: 203ms)
 GET / 200 in 208ms (next.js: 5ms, application-code: 204ms)
 GET / 200 in 218ms (next.js: 6ms, application-code: 212ms)
 GET / 200 in 216ms (next.js: 7ms, application-code: 209ms)
 GET / 200 in 201ms (next.js: 5ms, application-code: 196ms)
 GET / 200 in 224ms (next.js: 5ms, application-code: 219ms)
 GET / 200 in 188ms (next.js: 4ms, application-code: 184ms)
 GET / 200 in 149ms (next.js: 7ms, application-code: 142ms)
 GET / 200 in 209ms (next.js: 5ms, application-code: 204ms)
 GET / 200 in 182ms (next.js: 6ms, application-code: 177ms)
 GET / 200 in 197ms (next.js: 3ms, application-code: 194ms)
 GET / 200 in 234ms (next.js: 5ms, application-code: 229ms)
 GET / 200 in 200ms (next.js: 5ms, application-code: 195ms)
 GET / 200 in 201ms (next.js: 31ms, application-code: 170ms)
 GET / 200 in 205ms (next.js: 5ms, application-code: 200ms)
 GET / 200 in 156ms (next.js: 4ms, application-code: 151ms)
 GET / 200 in 117ms (next.js: 4ms, application-code: 113ms)
 GET / 200 in 77ms (next.js: 4ms, application-code: 73ms)
 GET / 200 in 43ms (next.js: 3ms, application-code: 40ms)
✓ Compiled in 513ms
 GET /os/dashboard 200 in 797ms (next.js: 347ms, application-code: 450ms)
 GET /os/dashboard 200 in 381ms (next.js: 328ms, application-code: 53ms)
 GET / 200 in 1018ms (next.js: 139ms, application-code: 879ms)
 GET / 200 in 606ms (next.js: 292ms, application-code: 314ms)
 GET / 200 in 269ms (next.js: 13ms, application-code: 255ms)
 GET /os/dashboard 200 in 646ms (next.js: 5ms, application-code: 640ms)
 GET / 200 in 246ms (next.js: 9ms, application-code: 237ms)
 GET / 200 in 246ms (next.js: 45ms, application-code: 201ms)
 GET / 200 in 71ms (next.js: 5ms, application-code: 66ms)
 GET / 200 in 40ms (next.js: 6ms, application-code: 34ms)
▲ Next.js 16.2.9 (Turbopack)
- Local:         http://localhost:3000
- Network:       http://192.168.0.11:3000
- Environments: .env.local
✓ Ready in 825ms

 GET / 200 in 1907ms (next.js: 893ms, application-code: 1014ms)
 GET /os/dashboard 200 in 1935ms (next.js: 1468ms, application-code: 467ms)
 GET /images/hero-visual.webp 404 in 193ms (next.js: 49ms, application-code: 143ms)
 GET /images/logo-horizontal.webp 404 in 307ms (next.js: 102ms, application-code: 206ms)
 GET /images/logo-horizontal.webp 404 in 186ms (next.js: 13ms, application-code: 173ms)
 GET /images/hero-visual.webp 404 in 195ms (next.js: 81ms, application-code: 114ms)
✓ Compiled in 446ms
 GET / 200 in 548ms (next.js: 230ms, application-code: 318ms)
 GET /os/dashboard 200 in 554ms (next.js: 391ms, application-code: 163ms)
 GET / 200 in 180ms (next.js: 8ms, application-code: 172ms)
 GET /os/dashboard 200 in 143ms (next.js: 5ms, application-code: 138ms)
 GET / 200 in 111ms (next.js: 6ms, application-code: 105ms)
 GET / 200 in 131ms (next.js: 5ms, application-code: 126ms)
 GET / 200 in 133ms (next.js: 31ms, application-code: 102ms)
 GET / 200 in 145ms (next.js: 4ms, application-code: 141ms)
 GET / 200 in 121ms (next.js: 4ms, application-code: 117ms)
 GET / 200 in 188ms (next.js: 5ms, application-code: 183ms)
 GET / 200 in 191ms (next.js: 39ms, application-code: 153ms)
 GET / 200 in 216ms (next.js: 5ms, application-code: 211ms)
 GET / 200 in 223ms (next.js: 5ms, application-code: 217ms)
 GET / 200 in 252ms (next.js: 6ms, application-code: 246ms)
 GET / 200 in 240ms (next.js: 10ms, application-code: 230ms)
 GET / 200 in 244ms (next.js: 48ms, application-code: 195ms)
 GET / 200 in 207ms (next.js: 9ms, application-code: 198ms)
 GET / 200 in 172ms (next.js: 4ms, application-code: 168ms)
 GET / 200 in 174ms (next.js: 5ms, application-code: 169ms)
 GET / 200 in 178ms (next.js: 4ms, application-code: 174ms)
 GET / 200 in 201ms (next.js: 31ms, application-code: 170ms)
 GET / 200 in 205ms (next.js: 6ms, application-code: 198ms)
 GET / 200 in 172ms (next.js: 6ms, application-code: 167ms)
 GET / 200 in 202ms (next.js: 4ms, application-code: 198ms)
 GET / 200 in 177ms (next.js: 12ms, application-code: 165ms)
 GET / 200 in 201ms (next.js: 5ms, application-code: 196ms)
 GET / 200 in 227ms (next.js: 3ms, application-code: 223ms)
 GET / 200 in 201ms (next.js: 4ms, application-code: 197ms)
 GET / 200 in 202ms (next.js: 4ms, application-code: 198ms)
 GET / 200 in 226ms (next.js: 6ms, application-code: 221ms)
 GET / 200 in 170ms (next.js: 7ms, application-code: 163ms)
 GET / 200 in 169ms (next.js: 4ms, application-code: 165ms)
 GET / 200 in 168ms (next.js: 5ms, application-code: 163ms)
 GET / 200 in 168ms (next.js: 6ms, application-code: 162ms)
 GET / 200 in 173ms (next.js: 5ms, application-code: 169ms)
 GET / 200 in 198ms (next.js: 4ms, application-code: 194ms)
 GET / 200 in 170ms (next.js: 4ms, application-code: 165ms)
 GET / 200 in 171ms (next.js: 5ms, application-code: 167ms)
 GET / 200 in 199ms (next.js: 5ms, application-code: 194ms)
 GET / 200 in 166ms (next.js: 4ms, application-code: 162ms)
 GET / 200 in 169ms (next.js: 4ms, application-code: 165ms)
 GET / 200 in 177ms (next.js: 5ms, application-code: 172ms)
 GET / 200 in 184ms (next.js: 4ms, application-code: 180ms)
 GET / 200 in 189ms (next.js: 3ms, application-code: 185ms)
 GET / 200 in 216ms (next.js: 4ms, application-code: 212ms)
 GET / 200 in 190ms (next.js: 4ms, application-code: 186ms)
 GET / 200 in 187ms (next.js: 5ms, application-code: 182ms)
 GET /os/dashboard 200 in 182ms (next.js: 5ms, application-code: 177ms)
 GET /os/dashboard 200 in 182ms (next.js: 4ms, application-code: 178ms)
 GET /os/dashboard 200 in 188ms (next.js: 4ms, application-code: 183ms)
 GET /os/dashboard 200 in 195ms (next.js: 5ms, application-code: 190ms)
 GET /os/dashboard 200 in 195ms (next.js: 5ms, application-code: 189ms)
 GET /os/dashboard 200 in 225ms (next.js: 6ms, application-code: 219ms)
 GET /os/dashboard 200 in 188ms (next.js: 6ms, application-code: 183ms)
 GET /os/dashboard 200 in 183ms (next.js: 5ms, application-code: 178ms)
 GET /os/dashboard 200 in 184ms (next.js: 5ms, application-code: 178ms)
 GET /os/dashboard 200 in 191ms (next.js: 4ms, application-code: 187ms)
 GET /os/dashboard 200 in 196ms (next.js: 4ms, application-code: 192ms)
 GET /os/dashboard 200 in 221ms (next.js: 6ms, application-code: 215ms)
 GET /os/dashboard 200 in 189ms (next.js: 5ms, application-code: 184ms)
 GET /os/dashboard 200 in 185ms (next.js: 6ms, application-code: 179ms)
 GET /os/dashboard 200 in 174ms (next.js: 6ms, application-code: 168ms)
 GET /os/dashboard 200 in 167ms (next.js: 6ms, application-code: 162ms)
 GET /os/dashboard 200 in 162ms (next.js: 3ms, application-code: 158ms)
 GET /os/dashboard 200 in 189ms (next.js: 3ms, application-code: 186ms)
 GET /os/dashboard 200 in 165ms (next.js: 4ms, application-code: 161ms)
 GET /os/dashboard 200 in 170ms (next.js: 4ms, application-code: 166ms)
 GET /os/dashboard 200 in 181ms (next.js: 4ms, application-code: 176ms)
 GET /os/dashboard 200 in 215ms (next.js: 5ms, application-code: 210ms)
 GET /os/dashboard 200 in 217ms (next.js: 4ms, application-code: 213ms)
 GET /os/dashboard 200 in 228ms (next.js: 5ms, application-code: 222ms)
 GET /os/dashboard 200 in 207ms (next.js: 5ms, application-code: 202ms)
 GET /os/dashboard 200 in 167ms (next.js: 5ms, application-code: 162ms)
 GET /os/dashboard 200 in 194ms (next.js: 4ms, application-code: 190ms)
 GET /os/dashboard 200 in 196ms (next.js: 4ms, application-code: 193ms)
 GET /os/dashboard 200 in 222ms (next.js: 4ms, application-code: 218ms)
 GET /os/dashboard 200 in 166ms (next.js: 5ms, application-code: 160ms)
 GET /os/dashboard 200 in 165ms (next.js: 4ms, application-code: 162ms)
 GET /os/dashboard 200 in 168ms (next.js: 7ms, application-code: 161ms)
 GET /os/dashboard 200 in 167ms (next.js: 5ms, application-code: 162ms)
 GET /os/dashboard 200 in 172ms (next.js: 4ms, application-code: 168ms)
 GET /os/dashboard 200 in 204ms (next.js: 5ms, application-code: 199ms)
 GET /os/dashboard 200 in 175ms (next.js: 5ms, application-code: 171ms)
 GET /os/dashboard 200 in 178ms (next.js: 4ms, application-code: 174ms)
 GET /os/dashboard 200 in 177ms (next.js: 5ms, application-code: 172ms)
 GET /os/dashboard 200 in 195ms (next.js: 6ms, application-code: 189ms)
 GET /os/dashboard 200 in 163ms (next.js: 4ms, application-code: 160ms)
 GET /os/dashboard 200 in 129ms (next.js: 6ms, application-code: 123ms)
 GET /os/dashboard 200 in 92ms (next.js: 4ms, application-code: 88ms)
 GET /os/dashboard 200 in 60ms (next.js: 3ms, application-code: 57ms)
✓ Compiled in 104ms
 GET /os/dashboard 200 in 158ms (next.js: 64ms, application-code: 94ms)
 GET / 200 in 161ms (next.js: 110ms, application-code: 51ms)
✓ Compiled in 87ms
 GET /os/dashboard 200 in 826ms (next.js: 155ms, application-code: 671ms)
 GET / 200 in 840ms (next.js: 54ms, application-code: 787ms)
 GET /os/dashboard 500 in 619ms (next.js: 4ms, application-code: 615ms)
✓ Compiled in 84ms
 GET / 200 in 350ms (next.js: 52ms, application-code: 298ms)
 GET /os/dashboard 200 in 268ms (next.js: 70ms, application-code: 198ms)
 GET /os/workflows 200 in 232ms (next.js: 106ms, application-code: 125ms)
 GET /os/dev 200 in 2.9s (next.js: 2.7s, application-code: 110ms)
 GET /os/dev 200 in 64ms (next.js: 8ms, application-code: 56ms)
 GET /os/agents 404 in 405ms (next.js: 113ms, application-code: 292ms)
 GET /os/dashboard 200 in 283ms (next.js: 27ms, application-code: 256ms)
 GET /os/dashboard 200 in 160ms (next.js: 12ms, application-code: 147ms)
 GET /os/dev 200 in 110ms (next.js: 73ms, application-code: 37ms)
 GET /login 200 in 1198ms (next.js: 1168ms, application-code: 30ms)
 GET /images/logo-horizontal.webp 404 in 154ms (next.js: 8ms, application-code: 146ms)
 GET /images/logo-symbol.webp 404 in 130ms (next.js: 11ms, application-code: 119ms)
 GET / 200 in 367ms (next.js: 30ms, application-code: 337ms)
 GET /images/logo-horizontal.webp 404 in 156ms (next.js: 22ms, application-code: 134ms)
 GET /images/hero-visual.webp 404 in 150ms (next.js: 71ms, application-code: 79ms)
 GET /images/logo-horizontal.webp 404 in 145ms (next.js: 11ms, application-code: 134ms)
 GET /images/hero-visual.webp 404 in 148ms (next.js: 66ms, application-code: 83ms)
 GET /os 307 in 279ms (next.js: 61ms, application-code: 218ms)
 GET /os/dashboard 200 in 103ms (next.js: 4ms, application-code: 99ms)
 GET /login 200 in 31ms (next.js: 3ms, application-code: 28ms)
 GET /images/logo-horizontal.webp 404 in 90ms (next.js: 6ms, application-code: 84ms)
 GET /images/logo-symbol.webp 404 in 80ms (next.js: 6ms, application-code: 74ms)
 GET /os 307 in 295ms (next.js: 12ms, application-code: 283ms)
 GET /os/dashboard 200 in 179ms (next.js: 4ms, application-code: 175ms)
 GET /login 200 in 35ms (next.js: 3ms, application-code: 32ms)
 GET /images/logo-horizontal.webp 404 in 94ms (next.js: 6ms, application-code: 88ms)
 GET /images/logo-symbol.webp 404 in 78ms (next.js: 13ms, application-code: 65ms)
[?25h
